<?xml version="1.0" encoding="UTF-8"?>
<testng-results ignored="0" total="1" passed="1" failed="0" skipped="0">
  <reporter-output>
  </reporter-output>
  <suite started-at="2025-03-03T10:02:18 GMT-05:00" name="Default suite" finished-at="2025-03-03T10:02:28 GMT-05:00" duration-ms="10101">
    <groups>
    </groups>
    <test started-at="2025-03-03T10:02:18 GMT-05:00" name="Default test" finished-at="2025-03-03T10:02:28 GMT-05:00" duration-ms="10101">
      <class name="TestScript.HomeTest">
        <test-method is-config="true" signature="initializeBrowser()[pri:0, instance:TestScript.HomeTest@14cd1699]" started-at="2025-03-03T10:02:18 GMT-05:00" name="initializeBrowser" finished-at="2025-03-03T10:02:25 GMT-05:00" duration-ms="6325" status="PASS">
          <reporter-output>
          </reporter-output>
        </test-method> <!-- initializeBrowser -->
        <test-method signature="verifyUserIsAbleToLogout()[pri:0, instance:TestScript.HomeTest@14cd1699]" started-at="2025-03-03T10:02:25 GMT-05:00" name="verifyUserIsAbleToLogout" finished-at="2025-03-03T10:02:28 GMT-05:00" duration-ms="3721" status="PASS">
          <reporter-output>
          </reporter-output>
        </test-method> <!-- verifyUserIsAbleToLogout -->
        <test-method is-config="true" signature="driverQuit(org.testng.ITestResult)[pri:0, instance:TestScript.HomeTest@14cd1699]" started-at="2025-03-03T10:02:28 GMT-05:00" name="driverQuit" finished-at="2025-03-03T10:02:28 GMT-05:00" duration-ms="3" status="PASS">
          <params>
            <param index="0">
              <value>
                <![CDATA[[TestResult name=verifyUserIsAbleToLogout status=SUCCESS method=HomeTest.verifyUserIsAbleToLogout()[pri:0, instance:TestScript.HomeTest@14cd1699] output={null}]]]>
              </value>
            </param>
          </params>
          <reporter-output>
          </reporter-output>
        </test-method> <!-- driverQuit -->
      </class> <!-- TestScript.HomeTest -->
    </test> <!-- Default test -->
  </suite> <!-- Default suite -->
</testng-results>
